{"uid":"49c5f9aff6033ffe","name":"test_LoginSuccessful_2___rohit12_latido_com_np____Test_123__","fullName":"TestLogin.TestLogin#test_LoginSuccessful_2___rohit12_latido_com_np____Test_123__","historyId":"28f7bca8306e65e36e7be87312f49dda","time":{"start":1681970449295,"stop":1681970465005,"duration":15710},"status":"broken","statusMessage":"selenium.common.exceptions.TimeoutException: Message: \nStacktrace:\nBacktrace:\n\tGetHandleVerifier [0x0061DCE3+50899]\n\t(No symbol) [0x005AE111]\n\t(No symbol) [0x004B5588]\n\t(No symbol) [0x004E08F9]\n\t(No symbol) [0x004E0AFB]\n\t(No symbol) [0x0050F902]\n\t(No symbol) [0x004FB944]\n\t(No symbol) [0x0050E01C]\n\t(No symbol) [0x004FB6F6]\n\t(No symbol) [0x004D7708]\n\t(No symbol) [0x004D886D]\n\tGetHandleVerifier [0x00883EAE+2566302]\n\tGetHandleVerifier [0x008B92B1+2784417]\n\tGetHandleVerifier [0x008B327C+2759788]\n\tGetHandleVerifier [0x006B5740+672048]\n\t(No symbol) [0x005B8872]\n\t(No symbol) [0x005B41C8]\n\t(No symbol) [0x005B42AB]\n\t(No symbol) [0x005A71B7]\n\tBaseThreadInitThunk [0x76497D49+25]\n\tRtlInitializeExceptionChain [0x775FB74B+107]\n\tRtlClearBits [0x775FB6CF+191]","statusTrace":"self = <TestsCases.TestLogin.TestLogin testMethod=test_LoginSuccessful_2___rohit12_latido_com_np____Test_123__>\nusername = 'rohit12@latido.com.np', password = 'Test@123'\n\n    @allure.story(\"Login Successfully\")\n    @allure.severity(allure.severity_level.NORMAL)\n    @data((\"frugal@latido.com.np\", \"Test@123\"), (\"rohit12@latido.com.np\", \"Test@123\"))\n    @unpack\n    def test_LoginSuccessful(self, username, password):\n        self.LoginMethod.nativelogin(self.driver, username, password)\n        try:\n>           self.assertEqual(self.Login.verify_login(), \"OVERVIEW\", msg=\"Login verification failed.\")\n\nTestLogin.py:35: \n_ _ _ _ _ _ _ _ _ _ _ _ _ _ _ _ _ _ _ _ _ _ _ _ _ _ _ _ _ _ _ _ _ _ _ _ _ _ _ _\n..\\Pages\\LoginPage.py:68: in verify_login\n    text = self.wait.until(EC.visibility_of_element_located(self.WelcomeMsg)).text\n_ _ _ _ _ _ _ _ _ _ _ _ _ _ _ _ _ _ _ _ _ _ _ _ _ _ _ _ _ _ _ _ _ _ _ _ _ _ _ _\n\nself = <selenium.webdriver.support.wait.WebDriverWait (session=\"a62fda06c02d14cbc52c595fadd27906\")>\nmethod = <function visibility_of_element_located.<locals>._predicate at 0x0000018D0A5C31C0>\nmessage = ''\n\n    def until(self, method, message: str = \"\"):\n        \"\"\"Calls the method provided with the driver as an argument until the \\\n        return value does not evaluate to ``False``.\n    \n        :param method: callable(WebDriver)\n        :param message: optional message for :exc:`TimeoutException`\n        :returns: the result of the last call to `method`\n        :raises: :exc:`selenium.common.exceptions.TimeoutException` if timeout occurs\n        \"\"\"\n        screen = None\n        stacktrace = None\n    \n        end_time = time.monotonic() + self._timeout\n        while True:\n            try:\n                value = method(self._driver)\n                if value:\n                    return value\n            except self._ignored_exceptions as exc:\n                screen = getattr(exc, \"screen\", None)\n                stacktrace = getattr(exc, \"stacktrace\", None)\n            time.sleep(self._poll)\n            if time.monotonic() > end_time:\n                break\n>       raise TimeoutException(message, screen, stacktrace)\nE       selenium.common.exceptions.TimeoutException: Message: \nE       Stacktrace:\nE       Backtrace:\nE       \tGetHandleVerifier [0x0061DCE3+50899]\nE       \t(No symbol) [0x005AE111]\nE       \t(No symbol) [0x004B5588]\nE       \t(No symbol) [0x004E08F9]\nE       \t(No symbol) [0x004E0AFB]\nE       \t(No symbol) [0x0050F902]\nE       \t(No symbol) [0x004FB944]\nE       \t(No symbol) [0x0050E01C]\nE       \t(No symbol) [0x004FB6F6]\nE       \t(No symbol) [0x004D7708]\nE       \t(No symbol) [0x004D886D]\nE       \tGetHandleVerifier [0x00883EAE+2566302]\nE       \tGetHandleVerifier [0x008B92B1+2784417]\nE       \tGetHandleVerifier [0x008B327C+2759788]\nE       \tGetHandleVerifier [0x006B5740+672048]\nE       \t(No symbol) [0x005B8872]\nE       \t(No symbol) [0x005B41C8]\nE       \t(No symbol) [0x005B42AB]\nE       \t(No symbol) [0x005A71B7]\nE       \tBaseThreadInitThunk [0x76497D49+25]\nE       \tRtlInitializeExceptionChain [0x775FB74B+107]\nE       \tRtlClearBits [0x775FB6CF+191]\n\n..\\.venv\\lib\\site-packages\\selenium\\webdriver\\support\\wait.py:95: TimeoutException","flaky":false,"newFailed":false,"newBroken":false,"newPassed":false,"retriesCount":0,"retriesStatusChange":false,"beforeStages":[{"name":"_unittest_setUpClass_fixture_TestLogin","time":{"start":1681970440027,"stop":1681970440027,"duration":0},"status":"passed","steps":[],"attachments":[],"parameters":[],"stepsCount":0,"hasContent":false,"shouldDisplayMessage":false,"attachmentsCount":0}],"afterStages":[{"name":"_unittest_setUpClass_fixture_TestLogin::0","time":{"start":1681970525889,"stop":1681970525889,"duration":0},"status":"passed","steps":[],"attachments":[],"parameters":[],"stepsCount":0,"hasContent":false,"shouldDisplayMessage":false,"attachmentsCount":0}],"labels":[{"name":"story","value":"Login Successfully"},{"name":"feature","value":"Login Page"},{"name":"severity","value":"normal"},{"name":"suite","value":"TestLogin"},{"name":"subSuite","value":"TestLogin"},{"name":"host","value":"0day"},{"name":"thread","value":"1872-MainThread"},{"name":"framework","value":"pytest"},{"name":"language","value":"cpython3"},{"name":"package","value":"TestLogin"},{"name":"resultFormat","value":"allure2"}],"parameters":[],"links":[],"hidden":false,"retry":false,"extra":{"severity":"normal","retries":[],"categories":[{"name":"Test defects","matchedStatuses":[],"flaky":false}],"tags":[]},"source":"49c5f9aff6033ffe.json","parameterValues":[]}